[debug] [2023-09-07T21:31:40.529Z] ----------------------------------------------------------------------
[debug] [2023-09-07T21:31:40.529Z] Command:       /Users/adekanbidansteve/.nvm/versions/node/v16.15.1/bin/node /usr/local/bin/firebase deploy --only hosting
[debug] [2023-09-07T21:31:40.530Z] CLI Version:   10.2.1
[debug] [2023-09-07T21:31:40.530Z] Platform:      darwin
[debug] [2023-09-07T21:31:40.530Z] Node Version:  v16.15.1
[debug] [2023-09-07T21:31:40.533Z] Time:          Thu Sep 07 2023 22:31:40 GMT+0100 (British Summer Time)
[debug] [2023-09-07T21:31:40.533Z] ----------------------------------------------------------------------
[debug] 
[debug] [2023-09-07T21:31:40.535Z] >>> [apiv2][query] GET https://firebase-public.firebaseio.com/cli.json [none]
[debug] [2023-09-07T21:31:40.574Z] > command requires scopes: ["email","openid","https://www.googleapis.com/auth/cloudplatformprojects.readonly","https://www.googleapis.com/auth/firebase","https://www.googleapis.com/auth/cloud-platform"]
[debug] [2023-09-07T21:31:40.574Z] > authorizing via signed-in user (danstevea@gmail.com)
[debug] [2023-09-07T21:31:40.574Z] [iam] checking project peachy-healthcare-2023 for permissions ["firebase.projects.get","firebasehosting.sites.update"]
[debug] [2023-09-07T21:31:40.574Z] > refreshing access token with scopes: []
[debug] [2023-09-07T21:31:40.575Z] >>> HTTP REQUEST POST https://www.googleapis.com/oauth2/v3/token  
 <request body omitted>
[debug] [2023-09-07T21:31:40.687Z] <<< HTTP RESPONSE 200 {"pragma":"no-cache","date":"Thu, 07 Sep 2023 21:31:40 GMT","cache-control":"no-cache, no-store, max-age=0, must-revalidate","expires":"Mon, 01 Jan 1990 00:00:00 GMT","content-type":"application/json; charset=utf-8","vary":"X-Origin, Referer, Origin,Accept-Encoding","server":"scaffolding on HTTPServer2","x-xss-protection":"0","x-frame-options":"SAMEORIGIN","x-content-type-options":"nosniff","alt-svc":"h3=\":443\"; ma=2592000,h3-29=\":443\"; ma=2592000","accept-ranges":"none","transfer-encoding":"chunked"}
[debug] [2023-09-07T21:31:40.701Z] >>> [apiv2][query] POST https://cloudresourcemanager.googleapis.com/v1/projects/peachy-healthcare-2023:testIamPermissions [none]
[debug] [2023-09-07T21:31:40.701Z] >>> [apiv2][body] POST https://cloudresourcemanager.googleapis.com/v1/projects/peachy-healthcare-2023:testIamPermissions {"permissions":["firebase.projects.get","firebasehosting.sites.update"]}
[debug] [2023-09-07T21:31:40.863Z] <<< [apiv2][status] GET https://firebase-public.firebaseio.com/cli.json 200
[debug] [2023-09-07T21:31:40.863Z] <<< [apiv2][body] GET https://firebase-public.firebaseio.com/cli.json {"cloudBuildErrorAfter":1594252800000,"cloudBuildWarnAfter":1590019200000,"defaultNode10After":1594252800000,"minVersion":"3.0.5","node8DeploysDisabledAfter":1613390400000,"node8RuntimeDisabledAfter":1615809600000,"node8WarnAfter":1600128000000}
